\BOOKMARK [1][-]{section.1}{1 Auftragsbeschreibung}{}% 1
\BOOKMARK [1][-]{section.2}{2 Ziele}{}% 2
\BOOKMARK [1][-]{section.3}{3 MCU}{}% 3
\BOOKMARK [1][-]{section.4}{4 RTC}{}% 4
\BOOKMARK [1][-]{section.5}{5 Sensoren}{}% 5
\BOOKMARK [2][-]{subsection.5.1}{5.1 Messen der Lufttemperatur}{section.5}% 6
\BOOKMARK [2][-]{subsection.5.2}{5.2 Ermittlung der Niederschlagsmenge}{section.5}% 7
\BOOKMARK [2][-]{subsection.5.3}{5.3 Anemometer}{section.5}% 8
\BOOKMARK [3][-]{subsubsection.5.3.1}{5.3.1 Implementation in die Firmware}{subsection.5.3}% 9
\BOOKMARK [3][-]{subsubsection.5.3.2}{5.3.2 Validierung}{subsection.5.3}% 10
\BOOKMARK [2][-]{subsection.5.4}{5.4 Z\344hlung der Sonnenstunden}{section.5}% 11
\BOOKMARK [1][-]{section.6}{6 Datenspeicherung}{}% 12
\BOOKMARK [2][-]{subsection.6.1}{6.1 Breakoutboard}{section.6}% 13
\BOOKMARK [3][-]{subsubsection.6.1.1}{6.1.1 Verdrahtung}{subsection.6.1}% 14
\BOOKMARK [3][-]{subsubsection.6.1.2}{6.1.2 SPI \(Serial Peripheral Interface\)}{subsection.6.1}% 15
\BOOKMARK [2][-]{subsection.6.2}{6.2 SD-Karte}{section.6}% 16
\BOOKMARK [2][-]{subsection.6.3}{6.3 Implementation in die Firmware}{section.6}% 17
\BOOKMARK [1][-]{section.7}{7 Kommunikationsmodul}{}% 18
\BOOKMARK [1][-]{section.8}{8 Konzeptvalidierung}{}% 19
\BOOKMARK [1][-]{section*.17}{Literatur}{}% 20
\BOOKMARK [1][-]{appendix.A}{A Lastenheft}{}% 21
